[1.015s] Invoking command in '/home/kass/IntroRob1/ros/src/turtlesim_dibujito': PYTHONPATH=/home/kass/IntroRob1/ros/build/turtlesim_dibujito/prefix_override:/home/kass/IntroRob1/ros/install/turtlesim_dibujito/lib/python3.10/site-packages:${PYTHONPATH} /usr/bin/python3 setup.py egg_info --egg-base ../../build/turtlesim_dibujito build --build-base /home/kass/IntroRob1/ros/build/turtlesim_dibujito/build install --record /home/kass/IntroRob1/ros/build/turtlesim_dibujito/install.log --single-version-externally-managed
[1.369s] running egg_info
[1.369s] writing ../../build/turtlesim_dibujito/turtlesim_dibujito.egg-info/PKG-INFO
[1.370s] writing dependency_links to ../../build/turtlesim_dibujito/turtlesim_dibujito.egg-info/dependency_links.txt
[1.370s] writing entry points to ../../build/turtlesim_dibujito/turtlesim_dibujito.egg-info/entry_points.txt
[1.370s] writing requirements to ../../build/turtlesim_dibujito/turtlesim_dibujito.egg-info/requires.txt
[1.370s] writing top-level names to ../../build/turtlesim_dibujito/turtlesim_dibujito.egg-info/top_level.txt
[1.373s] reading manifest file '../../build/turtlesim_dibujito/turtlesim_dibujito.egg-info/SOURCES.txt'
[1.375s] writing manifest file '../../build/turtlesim_dibujito/turtlesim_dibujito.egg-info/SOURCES.txt'
[1.375s] running build
[1.375s] running build_py
[1.375s] running install
[1.375s] /usr/lib/python3/dist-packages/setuptools/command/install.py:34: SetuptoolsDeprecationWarning: setup.py install is deprecated. Use build and pip and other standards-based tools.
[1.375s]   warnings.warn(
[1.375s] running install_lib
[1.377s] running install_data
[1.378s] running install_egg_info
[1.380s] removing '/home/kass/IntroRob1/ros/install/turtlesim_dibujito/lib/python3.10/site-packages/turtlesim_dibujito-0.0.1-py3.10.egg-info' (and everything under it)
[1.380s] Copying ../../build/turtlesim_dibujito/turtlesim_dibujito.egg-info to /home/kass/IntroRob1/ros/install/turtlesim_dibujito/lib/python3.10/site-packages/turtlesim_dibujito-0.0.1-py3.10.egg-info
[1.381s] running install_scripts
[1.405s] Installing turtlesim_dibujito script to /home/kass/IntroRob1/ros/install/turtlesim_dibujito/lib/turtlesim_dibujito
[1.405s] writing list of installed files to '/home/kass/IntroRob1/ros/build/turtlesim_dibujito/install.log'
[1.440s] Invoked command in '/home/kass/IntroRob1/ros/src/turtlesim_dibujito' returned '0': PYTHONPATH=/home/kass/IntroRob1/ros/build/turtlesim_dibujito/prefix_override:/home/kass/IntroRob1/ros/install/turtlesim_dibujito/lib/python3.10/site-packages:${PYTHONPATH} /usr/bin/python3 setup.py egg_info --egg-base ../../build/turtlesim_dibujito build --build-base /home/kass/IntroRob1/ros/build/turtlesim_dibujito/build install --record /home/kass/IntroRob1/ros/build/turtlesim_dibujito/install.log --single-version-externally-managed
