running egg_info
creating ../../build/turtlesim_dibujito/turtlesim_dibujito.egg-info
writing ../../build/turtlesim_dibujito/turtlesim_dibujito.egg-info/PKG-INFO
writing dependency_links to ../../build/turtlesim_dibujito/turtlesim_dibujito.egg-info/dependency_links.txt
writing entry points to ../../build/turtlesim_dibujito/turtlesim_dibujito.egg-info/entry_points.txt
writing requirements to ../../build/turtlesim_dibujito/turtlesim_dibujito.egg-info/requires.txt
writing top-level names to ../../build/turtlesim_dibujito/turtlesim_dibujito.egg-info/top_level.txt
writing manifest file '../../build/turtlesim_dibujito/turtlesim_dibujito.egg-info/SOURCES.txt'
reading manifest file '../../build/turtlesim_dibujito/turtlesim_dibujito.egg-info/SOURCES.txt'
writing manifest file '../../build/turtlesim_dibujito/turtlesim_dibujito.egg-info/SOURCES.txt'
running build
running build_py
creating /home/kass/IntroRob1/ros/build/turtlesim_dibujito/build
creating /home/kass/IntroRob1/ros/build/turtlesim_dibujito/build/lib
creating /home/kass/IntroRob1/ros/build/turtlesim_dibujito/build/lib/turtlesim_dibujito
copying turtlesim_dibujito/turtlesim_dibujito.py -> /home/kass/IntroRob1/ros/build/turtlesim_dibujito/build/lib/turtlesim_dibujito
copying turtlesim_dibujito/__init__.py -> /home/kass/IntroRob1/ros/build/turtlesim_dibujito/build/lib/turtlesim_dibujito
running install
/usr/lib/python3/dist-packages/setuptools/command/install.py:34: SetuptoolsDeprecationWarning: setup.py install is deprecated. Use build and pip and other standards-based tools.
  warnings.warn(
running install_lib
creating /home/kass/IntroRob1/ros/install/turtlesim_dibujito/lib/python3.10/site-packages/turtlesim_dibujito
copying /home/kass/IntroRob1/ros/build/turtlesim_dibujito/build/lib/turtlesim_dibujito/turtlesim_dibujito.py -> /home/kass/IntroRob1/ros/install/turtlesim_dibujito/lib/python3.10/site-packages/turtlesim_dibujito
copying /home/kass/IntroRob1/ros/build/turtlesim_dibujito/build/lib/turtlesim_dibujito/__init__.py -> /home/kass/IntroRob1/ros/install/turtlesim_dibujito/lib/python3.10/site-packages/turtlesim_dibujito
byte-compiling /home/kass/IntroRob1/ros/install/turtlesim_dibujito/lib/python3.10/site-packages/turtlesim_dibujito/turtlesim_dibujito.py to turtlesim_dibujito.cpython-310.pyc
byte-compiling /home/kass/IntroRob1/ros/install/turtlesim_dibujito/lib/python3.10/site-packages/turtlesim_dibujito/__init__.py to __init__.cpython-310.pyc
running install_data
creating /home/kass/IntroRob1/ros/install/turtlesim_dibujito/share/ament_index
creating /home/kass/IntroRob1/ros/install/turtlesim_dibujito/share/ament_index/resource_index
creating /home/kass/IntroRob1/ros/install/turtlesim_dibujito/share/ament_index/resource_index/packages
copying resource/turtlesim_dibujito -> /home/kass/IntroRob1/ros/install/turtlesim_dibujito/share/ament_index/resource_index/packages
copying package.xml -> /home/kass/IntroRob1/ros/install/turtlesim_dibujito/share/turtlesim_dibujito
running install_egg_info
Copying ../../build/turtlesim_dibujito/turtlesim_dibujito.egg-info to /home/kass/IntroRob1/ros/install/turtlesim_dibujito/lib/python3.10/site-packages/turtlesim_dibujito-0.0.1-py3.10.egg-info
running install_scripts
Installing turtlesim_dibujito script to /home/kass/IntroRob1/ros/install/turtlesim_dibujito/lib/turtlesim_dibujito
writing list of installed files to '/home/kass/IntroRob1/ros/build/turtlesim_dibujito/install.log'
