[0.398s] Invoking command in '/home/kass/IntroRob1/ros/build/turtlebot2_drivers': CMAKE_PREFIX_PATH=${CMAKE_PREFIX_PATH}:/home/kass/SisNav/install/secret_robot:/home/kass/SisNav/install/primer_node:/home/kass/SisNav/install/mirador_node:/opt/ros/iron:/opt/ros/humble /usr/bin/cmake /home/kass/IntroRob1/ros/turtlebot2_drivers -DCMAKE_INSTALL_PREFIX=/home/kass/IntroRob1/ros/install/turtlebot2_drivers
[0.623s] -- The C compiler identification is GNU 11.4.0
[0.772s] -- The CXX compiler identification is GNU 11.4.0
[0.789s] -- Detecting C compiler ABI info
[0.919s] -- Detecting C compiler ABI info - done
[0.936s] -- Check for working C compiler: /usr/bin/cc - skipped
[0.936s] -- Detecting C compile features
[0.937s] -- Detecting C compile features - done
[0.943s] -- Detecting CXX compiler ABI info
[1.081s] -- Detecting CXX compiler ABI info - done
[1.099s] -- Check for working CXX compiler: /usr/bin/c++ - skipped
[1.100s] -- Detecting CXX compile features
[1.101s] -- Detecting CXX compile features - done
[1.125s] [31mCMake Error at CMakeLists.txt:14 (find_package):
[1.125s]   By not providing "Findkobuki_driver.cmake" in CMAKE_MODULE_PATH this
[1.125s]   project has asked CMake to find a package configuration file provided by
[1.125s]   "kobuki_driver", but CMake did not find one.
[1.126s] 
[1.126s]   Could not find a package configuration file provided by "kobuki_driver"
[1.126s]   with any of the following names:
[1.126s] 
[1.126s]     kobuki_driverConfig.cmake
[1.126s]     kobuki_driver-config.cmake
[1.126s] 
[1.126s]   Add the installation prefix of "kobuki_driver" to CMAKE_PREFIX_PATH or set
[1.127s]   "kobuki_driver_DIR" to a directory containing one of the above files.  If
[1.127s]   "kobuki_driver" provides a separate development package or SDK, be sure it
[1.127s]   has been installed.
[1.127s] 
[1.127s] [0m
[1.127s] -- Configuring incomplete, errors occurred!
[1.127s] See also "/home/kass/IntroRob1/ros/build/turtlebot2_drivers/CMakeFiles/CMakeOutput.log".
[1.130s] Invoked command in '/home/kass/IntroRob1/ros/build/turtlebot2_drivers' returned '1': CMAKE_PREFIX_PATH=${CMAKE_PREFIX_PATH}:/home/kass/SisNav/install/secret_robot:/home/kass/SisNav/install/primer_node:/home/kass/SisNav/install/mirador_node:/opt/ros/iron:/opt/ros/humble /usr/bin/cmake /home/kass/IntroRob1/ros/turtlebot2_drivers -DCMAKE_INSTALL_PREFIX=/home/kass/IntroRob1/ros/install/turtlebot2_drivers
