[0.440s] DEBUG:colcon:Command line arguments: ['/usr/bin/colcon', 'build']
[0.440s] DEBUG:colcon:Parsed command line arguments: Namespace(log_base=None, log_level=None, verb_name='build', build_base='build', install_base='install', merge_install=False, symlink_install=False, test_result_base=None, continue_on_error=False, executor='parallel', parallel_workers=4, event_handlers=None, ignore_user_meta=False, metas=['./colcon.meta'], base_paths=['.'], packages_ignore=None, packages_ignore_regex=None, paths=None, packages_up_to=None, packages_up_to_regex=None, packages_above=None, packages_above_and_dependencies=None, packages_above_depth=None, packages_select_by_dep=None, packages_skip_by_dep=None, packages_skip_up_to=None, packages_select_build_failed=False, packages_skip_build_finished=False, packages_select_test_failures=False, packages_skip_test_passed=False, packages_select=None, packages_skip=None, packages_select_regex=None, packages_skip_regex=None, packages_start=None, packages_end=None, allow_overriding=[], cmake_args=None, cmake_target=None, cmake_target_skip_unavailable=False, cmake_clean_cache=False, cmake_clean_first=False, cmake_force_configure=False, ament_cmake_args=None, catkin_cmake_args=None, catkin_skip_building_tests=False, verb_parser=<colcon_defaults.argument_parser.defaults.DefaultArgumentsDecorator object at 0x7fc8c94fb1c0>, verb_extension=<colcon_core.verb.build.BuildVerb object at 0x7fc8c9d24be0>, main=<bound method BuildVerb.main of <colcon_core.verb.build.BuildVerb object at 0x7fc8c9d24be0>>)
[0.469s] Level 1:colcon.colcon_core.package_discovery:discover_packages(colcon_meta) check parameters
[0.469s] Level 1:colcon.colcon_core.package_discovery:discover_packages(recursive) check parameters
[0.469s] Level 1:colcon.colcon_core.package_discovery:discover_packages(ignore) check parameters
[0.469s] Level 1:colcon.colcon_core.package_discovery:discover_packages(path) check parameters
[0.469s] Level 1:colcon.colcon_core.package_discovery:discover_packages(colcon_meta) discover
[0.469s] Level 1:colcon.colcon_core.package_discovery:discover_packages(recursive) discover
[0.469s] INFO:colcon.colcon_core.package_discovery:Crawling recursively for packages in '/home/kass/IntroRob1/TurtleSim'
[0.469s] Level 1:colcon.colcon_core.package_identification:_identify(.) by extensions ['ignore', 'ignore_ament_install']
[0.469s] Level 1:colcon.colcon_core.package_identification:_identify(.) by extension 'ignore'
[0.469s] Level 1:colcon.colcon_core.package_identification:_identify(.) by extension 'ignore_ament_install'
[0.470s] Level 1:colcon.colcon_core.package_identification:_identify(.) by extensions ['colcon_pkg']
[0.470s] Level 1:colcon.colcon_core.package_identification:_identify(.) by extension 'colcon_pkg'
[0.470s] Level 1:colcon.colcon_core.package_identification:_identify(.) by extensions ['colcon_meta']
[0.470s] Level 1:colcon.colcon_core.package_identification:_identify(.) by extension 'colcon_meta'
[0.470s] Level 1:colcon.colcon_core.package_identification:_identify(.) by extensions ['ros']
[0.470s] Level 1:colcon.colcon_core.package_identification:_identify(.) by extension 'ros'
[0.489s] Level 1:colcon.colcon_core.package_identification:_identify(.) by extensions ['cmake', 'python']
[0.489s] Level 1:colcon.colcon_core.package_identification:_identify(.) by extension 'cmake'
[0.489s] Level 1:colcon.colcon_core.package_identification:_identify(.) by extension 'python'
[0.489s] Level 1:colcon.colcon_core.package_identification:_identify(.) by extensions ['python_setup_py']
[0.489s] Level 1:colcon.colcon_core.package_identification:_identify(.) by extension 'python_setup_py'
[0.489s] Level 1:colcon.colcon_core.package_identification:_identify(build) by extensions ['ignore', 'ignore_ament_install']
[0.489s] Level 1:colcon.colcon_core.package_identification:_identify(build) by extension 'ignore'
[0.489s] Level 1:colcon.colcon_core.package_identification:_identify(build) ignored
[0.490s] Level 1:colcon.colcon_core.package_identification:_identify(install) by extensions ['ignore', 'ignore_ament_install']
[0.490s] Level 1:colcon.colcon_core.package_identification:_identify(install) by extension 'ignore'
[0.490s] Level 1:colcon.colcon_core.package_identification:_identify(install) ignored
[0.490s] Level 1:colcon.colcon_core.package_identification:_identify(log) by extensions ['ignore', 'ignore_ament_install']
[0.490s] Level 1:colcon.colcon_core.package_identification:_identify(log) by extension 'ignore'
[0.490s] Level 1:colcon.colcon_core.package_identification:_identify(log) ignored
[0.490s] Level 1:colcon.colcon_core.package_identification:_identify(src) by extensions ['ignore', 'ignore_ament_install']
[0.490s] Level 1:colcon.colcon_core.package_identification:_identify(src) by extension 'ignore'
[0.490s] Level 1:colcon.colcon_core.package_identification:_identify(src) by extension 'ignore_ament_install'
[0.490s] Level 1:colcon.colcon_core.package_identification:_identify(src) by extensions ['colcon_pkg']
[0.490s] Level 1:colcon.colcon_core.package_identification:_identify(src) by extension 'colcon_pkg'
[0.490s] Level 1:colcon.colcon_core.package_identification:_identify(src) by extensions ['colcon_meta']
[0.490s] Level 1:colcon.colcon_core.package_identification:_identify(src) by extension 'colcon_meta'
[0.491s] Level 1:colcon.colcon_core.package_identification:_identify(src) by extensions ['ros']
[0.491s] Level 1:colcon.colcon_core.package_identification:_identify(src) by extension 'ros'
[0.491s] Level 1:colcon.colcon_core.package_identification:_identify(src) by extensions ['cmake', 'python']
[0.491s] Level 1:colcon.colcon_core.package_identification:_identify(src) by extension 'cmake'
[0.491s] Level 1:colcon.colcon_core.package_identification:_identify(src) by extension 'python'
[0.491s] Level 1:colcon.colcon_core.package_identification:_identify(src) by extensions ['python_setup_py']
[0.491s] Level 1:colcon.colcon_core.package_identification:_identify(src) by extension 'python_setup_py'
[0.491s] Level 1:colcon.colcon_core.package_identification:_identify(src/turtlesim_dibujito) by extensions ['ignore', 'ignore_ament_install']
[0.491s] Level 1:colcon.colcon_core.package_identification:_identify(src/turtlesim_dibujito) by extension 'ignore'
[0.491s] Level 1:colcon.colcon_core.package_identification:_identify(src/turtlesim_dibujito) by extension 'ignore_ament_install'
[0.491s] Level 1:colcon.colcon_core.package_identification:_identify(src/turtlesim_dibujito) by extensions ['colcon_pkg']
[0.491s] Level 1:colcon.colcon_core.package_identification:_identify(src/turtlesim_dibujito) by extension 'colcon_pkg'
[0.491s] Level 1:colcon.colcon_core.package_identification:_identify(src/turtlesim_dibujito) by extensions ['colcon_meta']
[0.491s] Level 1:colcon.colcon_core.package_identification:_identify(src/turtlesim_dibujito) by extension 'colcon_meta'
[0.491s] Level 1:colcon.colcon_core.package_identification:_identify(src/turtlesim_dibujito) by extensions ['ros']
[0.491s] Level 1:colcon.colcon_core.package_identification:_identify(src/turtlesim_dibujito) by extension 'ros'
[0.495s] DEBUG:colcon.colcon_core.package_identification:Package 'src/turtlesim_dibujito' with type 'ros.ament_python' and name 'turtlesim_dibujito'
[0.495s] Level 1:colcon.colcon_core.package_discovery:discover_packages(recursive) using defaults
[0.495s] Level 1:colcon.colcon_core.package_discovery:discover_packages(ignore) discover
[0.495s] Level 1:colcon.colcon_core.package_discovery:discover_packages(ignore) using defaults
[0.495s] Level 1:colcon.colcon_core.package_discovery:discover_packages(path) discover
[0.495s] Level 1:colcon.colcon_core.package_discovery:discover_packages(path) using defaults
[0.525s] Level 1:colcon.colcon_core.package_discovery:discover_packages(prefix_path) check parameters
[0.525s] Level 1:colcon.colcon_core.package_discovery:discover_packages(prefix_path) discover
[0.528s] DEBUG:colcon.colcon_installed_package_information.package_discovery:Found 2 installed packages in /home/kass/IntroRob1/ros/install
[0.529s] DEBUG:colcon.colcon_installed_package_information.package_discovery:Found 6 installed packages in /home/kass/SisNav/install
[0.531s] DEBUG:colcon.colcon_installed_package_information.package_discovery:Found 281 installed packages in /opt/ros/iron
[0.535s] DEBUG:colcon.colcon_installed_package_information.package_discovery:Found 252 installed packages in /opt/ros/humble
[0.542s] Level 1:colcon.colcon_core.package_discovery:discover_packages(prefix_path) using defaults
[0.642s] Level 5:colcon.colcon_core.verb:set package 'turtlesim_dibujito' build argument 'cmake_args' from command line to 'None'
[0.642s] Level 5:colcon.colcon_core.verb:set package 'turtlesim_dibujito' build argument 'cmake_target' from command line to 'None'
[0.642s] Level 5:colcon.colcon_core.verb:set package 'turtlesim_dibujito' build argument 'cmake_target_skip_unavailable' from command line to 'False'
[0.642s] Level 5:colcon.colcon_core.verb:set package 'turtlesim_dibujito' build argument 'cmake_clean_cache' from command line to 'False'
[0.642s] Level 5:colcon.colcon_core.verb:set package 'turtlesim_dibujito' build argument 'cmake_clean_first' from command line to 'False'
[0.642s] Level 5:colcon.colcon_core.verb:set package 'turtlesim_dibujito' build argument 'cmake_force_configure' from command line to 'False'
[0.642s] Level 5:colcon.colcon_core.verb:set package 'turtlesim_dibujito' build argument 'ament_cmake_args' from command line to 'None'
[0.642s] Level 5:colcon.colcon_core.verb:set package 'turtlesim_dibujito' build argument 'catkin_cmake_args' from command line to 'None'
[0.642s] Level 5:colcon.colcon_core.verb:set package 'turtlesim_dibujito' build argument 'catkin_skip_building_tests' from command line to 'False'
[0.642s] DEBUG:colcon.colcon_core.verb:Building package 'turtlesim_dibujito' with the following arguments: {'ament_cmake_args': None, 'build_base': '/home/kass/IntroRob1/TurtleSim/build/turtlesim_dibujito', 'catkin_cmake_args': None, 'catkin_skip_building_tests': False, 'cmake_args': None, 'cmake_clean_cache': False, 'cmake_clean_first': False, 'cmake_force_configure': False, 'cmake_target': None, 'cmake_target_skip_unavailable': False, 'install_base': '/home/kass/IntroRob1/TurtleSim/install/turtlesim_dibujito', 'merge_install': False, 'path': '/home/kass/IntroRob1/TurtleSim/src/turtlesim_dibujito', 'symlink_install': False, 'test_result_base': None}
[0.643s] INFO:colcon.colcon_core.executor:Executing jobs using 'parallel' executor
[0.647s] DEBUG:colcon.colcon_parallel_executor.executor.parallel:run_until_complete
[0.647s] INFO:colcon.colcon_ros.task.ament_python.build:Building ROS package in '/home/kass/IntroRob1/TurtleSim/src/turtlesim_dibujito' with build type 'ament_python'
[0.647s] Level 1:colcon.colcon_core.shell:create_environment_hook('turtlesim_dibujito', 'ament_prefix_path')
[0.653s] INFO:colcon.colcon_core.plugin_system:Skipping extension 'colcon_core.shell.bat': Not used on non-Windows systems
[0.653s] INFO:colcon.colcon_core.shell:Creating environment hook '/home/kass/IntroRob1/TurtleSim/install/turtlesim_dibujito/share/turtlesim_dibujito/hook/ament_prefix_path.ps1'
[0.653s] INFO:colcon.colcon_core.shell:Creating environment descriptor '/home/kass/IntroRob1/TurtleSim/install/turtlesim_dibujito/share/turtlesim_dibujito/hook/ament_prefix_path.dsv'
[0.654s] INFO:colcon.colcon_core.shell:Creating environment hook '/home/kass/IntroRob1/TurtleSim/install/turtlesim_dibujito/share/turtlesim_dibujito/hook/ament_prefix_path.sh'
[0.656s] INFO:colcon.colcon_core.shell:Skip shell extension 'powershell' for command environment: Not usable outside of PowerShell
[0.656s] DEBUG:colcon.colcon_core.shell:Skip shell extension 'dsv' for command environment
[1.042s] INFO:colcon.colcon_core.task.python.build:Building Python package in '/home/kass/IntroRob1/TurtleSim/src/turtlesim_dibujito'
[1.044s] INFO:colcon.colcon_core.shell:Skip shell extension 'powershell' for command environment: Not usable outside of PowerShell
[1.044s] DEBUG:colcon.colcon_core.shell:Skip shell extension 'dsv' for command environment
[1.684s] DEBUG:colcon.colcon_core.event_handler.log_command:Invoking command in '/home/kass/IntroRob1/TurtleSim/src/turtlesim_dibujito': PYTHONPATH=/home/kass/IntroRob1/TurtleSim/build/turtlesim_dibujito/prefix_override:/home/kass/IntroRob1/TurtleSim/install/turtlesim_dibujito/lib/python3.10/site-packages:${PYTHONPATH} /usr/bin/python3 setup.py egg_info --egg-base ../../build/turtlesim_dibujito build --build-base /home/kass/IntroRob1/TurtleSim/build/turtlesim_dibujito/build install --record /home/kass/IntroRob1/TurtleSim/build/turtlesim_dibujito/install.log --single-version-externally-managed
[2.105s] DEBUG:colcon.colcon_core.event_handler.log_command:Invoked command in '/home/kass/IntroRob1/TurtleSim/src/turtlesim_dibujito' returned '0': PYTHONPATH=/home/kass/IntroRob1/TurtleSim/build/turtlesim_dibujito/prefix_override:/home/kass/IntroRob1/TurtleSim/install/turtlesim_dibujito/lib/python3.10/site-packages:${PYTHONPATH} /usr/bin/python3 setup.py egg_info --egg-base ../../build/turtlesim_dibujito build --build-base /home/kass/IntroRob1/TurtleSim/build/turtlesim_dibujito/build install --record /home/kass/IntroRob1/TurtleSim/build/turtlesim_dibujito/install.log --single-version-externally-managed
[2.110s] Level 1:colcon.colcon_core.environment:checking '/home/kass/IntroRob1/TurtleSim/install/turtlesim_dibujito' for CMake module files
[2.110s] Level 1:colcon.colcon_core.environment:checking '/home/kass/IntroRob1/TurtleSim/install/turtlesim_dibujito' for CMake config files
[2.111s] Level 1:colcon.colcon_core.environment:checking '/home/kass/IntroRob1/TurtleSim/install/turtlesim_dibujito/lib'
[2.111s] Level 1:colcon.colcon_core.environment:checking '/home/kass/IntroRob1/TurtleSim/install/turtlesim_dibujito/bin'
[2.111s] Level 1:colcon.colcon_core.environment:checking '/home/kass/IntroRob1/TurtleSim/install/turtlesim_dibujito/lib/pkgconfig/turtlesim_dibujito.pc'
[2.111s] Level 1:colcon.colcon_core.environment:checking '/home/kass/IntroRob1/TurtleSim/install/turtlesim_dibujito/lib/python3.10/site-packages'
[2.112s] Level 1:colcon.colcon_core.shell:create_environment_hook('turtlesim_dibujito', 'pythonpath')
[2.113s] INFO:colcon.colcon_core.shell:Creating environment hook '/home/kass/IntroRob1/TurtleSim/install/turtlesim_dibujito/share/turtlesim_dibujito/hook/pythonpath.ps1'
[2.113s] INFO:colcon.colcon_core.shell:Creating environment descriptor '/home/kass/IntroRob1/TurtleSim/install/turtlesim_dibujito/share/turtlesim_dibujito/hook/pythonpath.dsv'
[2.114s] INFO:colcon.colcon_core.shell:Creating environment hook '/home/kass/IntroRob1/TurtleSim/install/turtlesim_dibujito/share/turtlesim_dibujito/hook/pythonpath.sh'
[2.114s] Level 1:colcon.colcon_core.environment:checking '/home/kass/IntroRob1/TurtleSim/install/turtlesim_dibujito/bin'
[2.114s] Level 1:colcon.colcon_core.environment:create_environment_scripts_only(turtlesim_dibujito)
[2.116s] INFO:colcon.colcon_core.shell:Creating package script '/home/kass/IntroRob1/TurtleSim/install/turtlesim_dibujito/share/turtlesim_dibujito/package.ps1'
[2.117s] INFO:colcon.colcon_core.shell:Creating package descriptor '/home/kass/IntroRob1/TurtleSim/install/turtlesim_dibujito/share/turtlesim_dibujito/package.dsv'
[2.118s] INFO:colcon.colcon_core.shell:Creating package script '/home/kass/IntroRob1/TurtleSim/install/turtlesim_dibujito/share/turtlesim_dibujito/package.sh'
[2.118s] INFO:colcon.colcon_core.shell:Creating package script '/home/kass/IntroRob1/TurtleSim/install/turtlesim_dibujito/share/turtlesim_dibujito/package.bash'
[2.119s] INFO:colcon.colcon_core.shell:Creating package script '/home/kass/IntroRob1/TurtleSim/install/turtlesim_dibujito/share/turtlesim_dibujito/package.zsh'
[2.120s] Level 1:colcon.colcon_core.environment:create_file_with_runtime_dependencies(/home/kass/IntroRob1/TurtleSim/install/turtlesim_dibujito/share/colcon-core/packages/turtlesim_dibujito)
[2.120s] DEBUG:colcon.colcon_parallel_executor.executor.parallel:closing loop
[2.121s] DEBUG:colcon.colcon_parallel_executor.executor.parallel:loop closed
[2.121s] DEBUG:colcon.colcon_parallel_executor.executor.parallel:run_until_complete finished with '0'
[2.121s] DEBUG:colcon.colcon_core.event_reactor:joining thread
[2.128s] INFO:colcon.colcon_core.plugin_system:Skipping extension 'colcon_notification.desktop_notification.terminal_notifier': Not used on non-Darwin systems
[2.128s] INFO:colcon.colcon_core.plugin_system:Skipping extension 'colcon_notification.desktop_notification.win32': Not used on non-Windows systems
[2.128s] INFO:colcon.colcon_notification.desktop_notification:Sending desktop notification using 'notify2'
[2.144s] DEBUG:colcon.colcon_core.event_reactor:joined thread
[2.147s] INFO:colcon.colcon_core.shell:Creating prefix script '/home/kass/IntroRob1/TurtleSim/install/local_setup.ps1'
[2.149s] INFO:colcon.colcon_core.shell:Creating prefix util module '/home/kass/IntroRob1/TurtleSim/install/_local_setup_util_ps1.py'
[2.152s] INFO:colcon.colcon_core.shell:Creating prefix chain script '/home/kass/IntroRob1/TurtleSim/install/setup.ps1'
[2.155s] INFO:colcon.colcon_core.shell:Creating prefix script '/home/kass/IntroRob1/TurtleSim/install/local_setup.sh'
[2.156s] INFO:colcon.colcon_core.shell:Creating prefix util module '/home/kass/IntroRob1/TurtleSim/install/_local_setup_util_sh.py'
[2.157s] INFO:colcon.colcon_core.shell:Creating prefix chain script '/home/kass/IntroRob1/TurtleSim/install/setup.sh'
[2.162s] INFO:colcon.colcon_core.shell:Creating prefix script '/home/kass/IntroRob1/TurtleSim/install/local_setup.bash'
[2.163s] INFO:colcon.colcon_core.shell:Creating prefix chain script '/home/kass/IntroRob1/TurtleSim/install/setup.bash'
[2.166s] INFO:colcon.colcon_core.shell:Creating prefix script '/home/kass/IntroRob1/TurtleSim/install/local_setup.zsh'
[2.167s] INFO:colcon.colcon_core.shell:Creating prefix chain script '/home/kass/IntroRob1/TurtleSim/install/setup.zsh'
