[0.408s] Invoking command in '/home/kass/IntroRob1/ros/build/turtlebot2_dibujito': /usr/bin/cmake /home/kass/IntroRob1/ros/turtlebot2_dibujito -DCMAKE_INSTALL_PREFIX=/home/kass/IntroRob1/ros/install/turtlebot2_dibujito
[0.629s] -- The C compiler identification is GNU 11.4.0
[0.789s] -- The CXX compiler identification is GNU 11.4.0
[0.803s] -- Detecting C compiler ABI info
[0.932s] -- Detecting C compiler ABI info - done
[0.948s] -- Check for working C compiler: /usr/bin/cc - skipped
[0.949s] -- Detecting C compile features
[0.950s] -- Detecting C compile features - done
[0.957s] -- Detecting CXX compiler ABI info
[1.086s] -- Detecting CXX compiler ABI info - done
[1.098s] -- Check for working CXX compiler: /usr/bin/c++ - skipped
[1.098s] -- Detecting CXX compile features
[1.099s] -- Detecting CXX compile features - done
[1.105s] -- Found ament_cmake: 2.0.3 (/opt/ros/iron/share/ament_cmake/cmake)
[1.381s] -- Found Python3: /usr/bin/python3.10 (found version "3.10.12") found components: Interpreter 
[1.521s] -- Found geometry_msgs: 5.0.0 (/opt/ros/iron/share/geometry_msgs/cmake)
[1.587s] -- Found rosidl_generator_c: 4.0.1 (/opt/ros/iron/share/rosidl_generator_c/cmake)
[1.606s] -- Found rosidl_generator_cpp: 4.0.1 (/opt/ros/iron/share/rosidl_generator_cpp/cmake)
[1.636s] -- Using all available rosidl_typesupport_c: rosidl_typesupport_fastrtps_c;rosidl_typesupport_introspection_c
[1.668s] -- Using all available rosidl_typesupport_cpp: rosidl_typesupport_fastrtps_cpp;rosidl_typesupport_introspection_cpp
[1.816s] -- Found rclcpp: 21.0.3 (/opt/ros/iron/share/rclcpp/cmake)
[2.047s] -- Found rmw_implementation_cmake: 7.1.0 (/opt/ros/iron/share/rmw_implementation_cmake/cmake)
[2.052s] -- Found rmw_fastrtps_cpp: 7.1.1 (/opt/ros/iron/share/rmw_fastrtps_cpp/cmake)
[2.208s] -- Found OpenSSL: /usr/lib/x86_64-linux-gnu/libcrypto.so (found version "3.0.2")  
[2.249s] -- Found FastRTPS: /opt/ros/iron/include  
[2.313s] -- Using RMW implementation 'rmw_fastrtps_cpp' as default
[2.556s] -- Found sensor_msgs: 5.0.0 (/opt/ros/iron/share/sensor_msgs/cmake)
[2.782s] Error parsing '/home/kass/IntroRob1/ros/turtlebot2_dibujito/package.xml':
[2.837s] Traceback (most recent call last):
[2.837s]   File "/opt/ros/iron/share/ament_cmake_core/cmake/core/package_xml_2_cmake.py", line 150, in <module>
[2.838s]     main()
[2.838s]   File "/opt/ros/iron/share/ament_cmake_core/cmake/core/package_xml_2_cmake.py", line 53, in main
[2.838s]     raise e
[2.838s]   File "/opt/ros/iron/share/ament_cmake_core/cmake/core/package_xml_2_cmake.py", line 49, in main
[2.838s]     package = parse_package_string(
[2.838s]   File "/usr/lib/python3/dist-packages/catkin_pkg/package.py", line 788, in parse_package_string
[2.838s]     pkg.validate(warnings=warnings)
[2.838s]   File "/usr/lib/python3/dist-packages/catkin_pkg/package.py", line 330, in validate
[2.839s]     raise InvalidPackage('\n'.join(errors), self.filename)
[2.839s] catkin_pkg.package.InvalidPackage: Error(s) in package '/home/kass/IntroRob1/ros/turtlebot2_dibujito/package.xml':
[2.839s] Package 'turtlebot2_dibujito' must declare at least one maintainer
[2.859s] [31mCMake Error at /opt/ros/iron/share/ament_cmake_core/cmake/core/ament_package_xml.cmake:95 (message):
[2.859s]   execute_process(/usr/bin/python3.10
[2.859s]   /opt/ros/iron/share/ament_cmake_core/cmake/core/package_xml_2_cmake.py
[2.859s]   /home/kass/IntroRob1/ros/turtlebot2_dibujito/package.xml
[2.860s]   /home/kass/IntroRob1/ros/build/turtlebot2_dibujito/ament_cmake_core/package.cmake)
[2.860s]   returned error code 1
[2.860s] Call Stack (most recent call first):
[2.860s]   /opt/ros/iron/share/ament_cmake_core/cmake/core/ament_package_xml.cmake:49 (_ament_package_xml)
[2.860s]   /opt/ros/iron/share/ament_cmake_core/cmake/core/ament_package.cmake:63 (ament_package_xml)
[2.860s]   CMakeLists.txt:33 (ament_package)
[2.860s] 
[2.860s] [0m
[2.861s] -- Configuring incomplete, errors occurred!
[2.861s] See also "/home/kass/IntroRob1/ros/build/turtlebot2_dibujito/CMakeFiles/CMakeOutput.log".
